
stepper:     file format elf32-avr


Disassembly of section .text:

00000000 <__vectors>:
   0:	0c 94 2a 00 	jmp	0x54	; 0x54 <__ctors_end>
   4:	0c 94 34 00 	jmp	0x68	; 0x68 <__bad_interrupt>
   8:	0c 94 34 00 	jmp	0x68	; 0x68 <__bad_interrupt>
   c:	0c 94 34 00 	jmp	0x68	; 0x68 <__bad_interrupt>
  10:	0c 94 34 00 	jmp	0x68	; 0x68 <__bad_interrupt>
  14:	0c 94 34 00 	jmp	0x68	; 0x68 <__bad_interrupt>
  18:	0c 94 34 00 	jmp	0x68	; 0x68 <__bad_interrupt>
  1c:	0c 94 34 00 	jmp	0x68	; 0x68 <__bad_interrupt>
  20:	0c 94 34 00 	jmp	0x68	; 0x68 <__bad_interrupt>
  24:	0c 94 34 00 	jmp	0x68	; 0x68 <__bad_interrupt>
  28:	0c 94 34 00 	jmp	0x68	; 0x68 <__bad_interrupt>
  2c:	0c 94 34 00 	jmp	0x68	; 0x68 <__bad_interrupt>
  30:	0c 94 34 00 	jmp	0x68	; 0x68 <__bad_interrupt>
  34:	0c 94 34 00 	jmp	0x68	; 0x68 <__bad_interrupt>
  38:	0c 94 34 00 	jmp	0x68	; 0x68 <__bad_interrupt>
  3c:	0c 94 34 00 	jmp	0x68	; 0x68 <__bad_interrupt>
  40:	0c 94 34 00 	jmp	0x68	; 0x68 <__bad_interrupt>
  44:	0c 94 34 00 	jmp	0x68	; 0x68 <__bad_interrupt>
  48:	0c 94 34 00 	jmp	0x68	; 0x68 <__bad_interrupt>
  4c:	0c 94 34 00 	jmp	0x68	; 0x68 <__bad_interrupt>
  50:	0c 94 34 00 	jmp	0x68	; 0x68 <__bad_interrupt>

00000054 <__ctors_end>:
  54:	11 24       	eor	r1, r1
  56:	1f be       	out	0x3f, r1	; 63
  58:	cf e5       	ldi	r28, 0x5F	; 95
  5a:	d8 e0       	ldi	r29, 0x08	; 8
  5c:	de bf       	out	0x3e, r29	; 62
  5e:	cd bf       	out	0x3d, r28	; 61
  60:	0e 94 68 00 	call	0xd0	; 0xd0 <main>
  64:	0c 94 e1 00 	jmp	0x1c2	; 0x1c2 <_exit>

00000068 <__bad_interrupt>:
  68:	0c 94 00 00 	jmp	0	; 0x0 <__vectors>

0000006c <uart_init>:
  6c:	28 e1       	ldi	r18, 0x18	; 24
  6e:	2a b9       	out	0x0a, r18	; 10
  70:	9c 01       	movw	r18, r24
  72:	40 e0       	ldi	r20, 0x00	; 0
  74:	50 e0       	ldi	r21, 0x00	; 0
  76:	22 0f       	add	r18, r18
  78:	33 1f       	adc	r19, r19
  7a:	44 1f       	adc	r20, r20
  7c:	55 1f       	adc	r21, r21
  7e:	22 0f       	add	r18, r18
  80:	33 1f       	adc	r19, r19
  82:	44 1f       	adc	r20, r20
  84:	55 1f       	adc	r21, r21
  86:	22 0f       	add	r18, r18
  88:	33 1f       	adc	r19, r19
  8a:	44 1f       	adc	r20, r20
  8c:	55 1f       	adc	r21, r21
  8e:	22 0f       	add	r18, r18
  90:	33 1f       	adc	r19, r19
  92:	44 1f       	adc	r20, r20
  94:	55 1f       	adc	r21, r21
  96:	60 e0       	ldi	r22, 0x00	; 0
  98:	72 e1       	ldi	r23, 0x12	; 18
  9a:	8a e7       	ldi	r24, 0x7A	; 122
  9c:	90 e0       	ldi	r25, 0x00	; 0
  9e:	0e 94 bf 00 	call	0x17e	; 0x17e <__udivmodsi4>
  a2:	da 01       	movw	r26, r20
  a4:	c9 01       	movw	r24, r18
  a6:	01 97       	sbiw	r24, 0x01	; 1
  a8:	a1 09       	sbc	r26, r1
  aa:	b1 09       	sbc	r27, r1
  ac:	89 2f       	mov	r24, r25
  ae:	9a 2f       	mov	r25, r26
  b0:	ab 2f       	mov	r26, r27
  b2:	bb 27       	eor	r27, r27
  b4:	80 bd       	out	0x20, r24	; 32
  b6:	21 50       	subi	r18, 0x01	; 1
  b8:	29 b9       	out	0x09, r18	; 9
  ba:	86 e8       	ldi	r24, 0x86	; 134
  bc:	80 bd       	out	0x20, r24	; 32
  be:	08 95       	ret

000000c0 <uart_recv_byte>:
  c0:	5f 9b       	sbis	0x0b, 7	; 11
  c2:	fe cf       	rjmp	.-4      	; 0xc0 <uart_recv_byte>
  c4:	8c b1       	in	r24, 0x0c	; 12
  c6:	08 95       	ret

000000c8 <uart_send_byte>:
  c8:	5d 9b       	sbis	0x0b, 5	; 11
  ca:	fe cf       	rjmp	.-4      	; 0xc8 <uart_send_byte>
  cc:	8c b9       	out	0x0c, r24	; 12
  ce:	08 95       	ret

000000d0 <main>:
  d0:	df 93       	push	r29
  d2:	cf 93       	push	r28
  d4:	00 d0       	rcall	.+0      	; 0xd6 <main+0x6>
  d6:	00 d0       	rcall	.+0      	; 0xd8 <main+0x8>
  d8:	cd b7       	in	r28, 0x3d	; 61
  da:	de b7       	in	r29, 0x3e	; 62
  dc:	8c e0       	ldi	r24, 0x0C	; 12
  de:	89 83       	std	Y+1, r24	; 0x01
  e0:	86 e0       	ldi	r24, 0x06	; 6
  e2:	8a 83       	std	Y+2, r24	; 0x02
  e4:	83 e0       	ldi	r24, 0x03	; 3
  e6:	8b 83       	std	Y+3, r24	; 0x03
  e8:	89 e0       	ldi	r24, 0x09	; 9
  ea:	8c 83       	std	Y+4, r24	; 0x04
  ec:	80 e0       	ldi	r24, 0x00	; 0
  ee:	96 e9       	ldi	r25, 0x96	; 150
  f0:	0e 94 36 00 	call	0x6c	; 0x6c <uart_init>
  f4:	8f ef       	ldi	r24, 0xFF	; 255
  f6:	84 bb       	out	0x14, r24	; 20
  f8:	84 e0       	ldi	r24, 0x04	; 4
  fa:	81 bb       	out	0x11, r24	; 17
  fc:	12 ba       	out	0x12, r1	; 18
  fe:	15 ba       	out	0x15, r1	; 21
 100:	30 e0       	ldi	r19, 0x00	; 0
 102:	40 e0       	ldi	r20, 0x00	; 0
 104:	ce 01       	movw	r24, r28
 106:	01 96       	adiw	r24, 0x01	; 1
 108:	54 e0       	ldi	r21, 0x04	; 4
 10a:	5f 9b       	sbis	0x0b, 7	; 11
 10c:	fe cf       	rjmp	.-4      	; 0x10a <main+0x3a>
 10e:	2c b1       	in	r18, 0x0c	; 12
 110:	33 23       	and	r19, r19
 112:	21 f0       	breq	.+8      	; 0x11c <main+0x4c>
 114:	21 30       	cpi	r18, 0x01	; 1
 116:	39 f1       	breq	.+78     	; 0x166 <main+0x96>
 118:	22 30       	cpi	r18, 0x02	; 2
 11a:	49 f1       	breq	.+82     	; 0x16e <main+0x9e>
 11c:	23 30       	cpi	r18, 0x03	; 3
 11e:	69 f0       	breq	.+26     	; 0x13a <main+0x6a>
 120:	24 30       	cpi	r18, 0x04	; 4
 122:	91 f0       	breq	.+36     	; 0x148 <main+0x78>
 124:	25 30       	cpi	r18, 0x05	; 5
 126:	a1 f0       	breq	.+40     	; 0x150 <main+0x80>
 128:	33 23       	and	r19, r19
 12a:	79 f3       	breq	.-34     	; 0x10a <main+0x3a>
 12c:	fc 01       	movw	r30, r24
 12e:	e4 0f       	add	r30, r20
 130:	f1 1d       	adc	r31, r1
 132:	20 81       	ld	r18, Z
 134:	25 bb       	out	0x15, r18	; 21
 136:	31 e0       	ldi	r19, 0x01	; 1
 138:	e8 cf       	rjmp	.-48     	; 0x10a <main+0x3a>
 13a:	52 bb       	out	0x12, r21	; 18
 13c:	fc 01       	movw	r30, r24
 13e:	e4 0f       	add	r30, r20
 140:	f1 1d       	adc	r31, r1
 142:	20 81       	ld	r18, Z
 144:	25 bb       	out	0x15, r18	; 21
 146:	f6 cf       	rjmp	.-20     	; 0x134 <main+0x64>
 148:	12 ba       	out	0x12, r1	; 18
 14a:	15 ba       	out	0x15, r1	; 21
 14c:	30 e0       	ldi	r19, 0x00	; 0
 14e:	dd cf       	rjmp	.-70     	; 0x10a <main+0x3a>
 150:	fc 01       	movw	r30, r24
 152:	e4 0f       	add	r30, r20
 154:	f1 1d       	adc	r31, r1
 156:	20 81       	ld	r18, Z
 158:	5d 9b       	sbis	0x0b, 5	; 11
 15a:	fe cf       	rjmp	.-4      	; 0x158 <main+0x88>
 15c:	2c b9       	out	0x0c, r18	; 12
 15e:	5d 9b       	sbis	0x0b, 5	; 11
 160:	fe cf       	rjmp	.-4      	; 0x15e <main+0x8e>
 162:	3c b9       	out	0x0c, r19	; 12
 164:	e1 cf       	rjmp	.-62     	; 0x128 <main+0x58>
 166:	43 30       	cpi	r20, 0x03	; 3
 168:	30 f4       	brcc	.+12     	; 0x176 <main+0xa6>
 16a:	4f 5f       	subi	r20, 0xFF	; 255
 16c:	df cf       	rjmp	.-66     	; 0x12c <main+0x5c>
 16e:	44 23       	and	r20, r20
 170:	21 f0       	breq	.+8      	; 0x17a <main+0xaa>
 172:	41 50       	subi	r20, 0x01	; 1
 174:	d9 cf       	rjmp	.-78     	; 0x128 <main+0x58>
 176:	40 e0       	ldi	r20, 0x00	; 0
 178:	d9 cf       	rjmp	.-78     	; 0x12c <main+0x5c>
 17a:	43 e0       	ldi	r20, 0x03	; 3
 17c:	d5 cf       	rjmp	.-86     	; 0x128 <main+0x58>

0000017e <__udivmodsi4>:
 17e:	a1 e2       	ldi	r26, 0x21	; 33
 180:	1a 2e       	mov	r1, r26
 182:	aa 1b       	sub	r26, r26
 184:	bb 1b       	sub	r27, r27
 186:	fd 01       	movw	r30, r26
 188:	0d c0       	rjmp	.+26     	; 0x1a4 <__udivmodsi4_ep>

0000018a <__udivmodsi4_loop>:
 18a:	aa 1f       	adc	r26, r26
 18c:	bb 1f       	adc	r27, r27
 18e:	ee 1f       	adc	r30, r30
 190:	ff 1f       	adc	r31, r31
 192:	a2 17       	cp	r26, r18
 194:	b3 07       	cpc	r27, r19
 196:	e4 07       	cpc	r30, r20
 198:	f5 07       	cpc	r31, r21
 19a:	20 f0       	brcs	.+8      	; 0x1a4 <__udivmodsi4_ep>
 19c:	a2 1b       	sub	r26, r18
 19e:	b3 0b       	sbc	r27, r19
 1a0:	e4 0b       	sbc	r30, r20
 1a2:	f5 0b       	sbc	r31, r21

000001a4 <__udivmodsi4_ep>:
 1a4:	66 1f       	adc	r22, r22
 1a6:	77 1f       	adc	r23, r23
 1a8:	88 1f       	adc	r24, r24
 1aa:	99 1f       	adc	r25, r25
 1ac:	1a 94       	dec	r1
 1ae:	69 f7       	brne	.-38     	; 0x18a <__udivmodsi4_loop>
 1b0:	60 95       	com	r22
 1b2:	70 95       	com	r23
 1b4:	80 95       	com	r24
 1b6:	90 95       	com	r25
 1b8:	9b 01       	movw	r18, r22
 1ba:	ac 01       	movw	r20, r24
 1bc:	bd 01       	movw	r22, r26
 1be:	cf 01       	movw	r24, r30
 1c0:	08 95       	ret

000001c2 <_exit>:
 1c2:	f8 94       	cli

000001c4 <__stop_program>:
 1c4:	ff cf       	rjmp	.-2      	; 0x1c4 <__stop_program>
